
*** Running vivado
    with args -log arty_proc_sys_reset_1_0.vds -m64 -product Vivado -mode batch -messageDb vivado.pb -notrace -source arty_proc_sys_reset_1_0.tcl



****** Vivado v2017.1_sdx (64-bit)
  **** SW Build 1915620 on Thu Jun 22 17:54:58 MDT 2017
  **** IP Build 1908669 on Thu Jun 22 19:20:41 MDT 2017
    ** Copyright 1986-2017 Xilinx, Inc. All Rights Reserved.

INFO: [Common 17-1460] Use of init.tcl in C:/Xilinx/SDx/2017.1/Vivado/scripts/init.tcl is deprecated. Please use Vivado_init.tcl 
Sourcing tcl script 'C:/Xilinx/SDx/2017.1/Vivado/scripts/init.tcl'
0 Beta devices matching pattern found, 0 enabled.
Loaded SDSoC Platform Tcl Library
source arty_proc_sys_reset_1_0.tcl -notrace
Starting RTL Elaboration : Time (s): cpu = 00:00:03 ; elapsed = 00:00:03 . Memory (MB): peak = 341.711 ; gain = 77.570
INFO: [Synth 8-638] synthesizing module 'arty_proc_sys_reset_1_0' [z:/20170720_arty/Arty/Vivado/arty/arty.srcs/sources_1/bd/arty/ip/arty_proc_sys_reset_1_0/synth/arty_proc_sys_reset_1_0.vhd:74]
INFO: [Synth 8-638] synthesizing module 'proc_sys_reset' [z:/20170720_arty/Arty/Vivado/arty/arty.srcs/sources_1/bd/arty/ipshared/04b4/hdl/proc_sys_reset_v5_0_vh_rfs.vhd:1323]
INFO: [Synth 8-638] synthesizing module 'lpf' [z:/20170720_arty/Arty/Vivado/arty/arty.srcs/sources_1/bd/arty/ipshared/04b4/hdl/proc_sys_reset_v5_0_vh_rfs.vhd:816]
INFO: [Synth 8-638] synthesizing module 'SRL16' [C:/Xilinx/SDx/2017.1/Vivado/scripts/rt/data/unisim_comp.v:43657]
INFO: [Synth 8-256] done synthesizing module 'SRL16' (1#1) [C:/Xilinx/SDx/2017.1/Vivado/scripts/rt/data/unisim_comp.v:43657]
INFO: [Synth 8-638] synthesizing module 'cdc_sync' [z:/20170720_arty/Arty/Vivado/arty/arty.srcs/sources_1/bd/arty/ipshared/52cb/hdl/lib_cdc_v1_0_rfs.vhd:106]
INFO: [Synth 8-256] done synthesizing module 'cdc_sync' (2#1) [z:/20170720_arty/Arty/Vivado/arty/arty.srcs/sources_1/bd/arty/ipshared/52cb/hdl/lib_cdc_v1_0_rfs.vhd:106]
INFO: [Synth 8-256] done synthesizing module 'lpf' (3#1) [z:/20170720_arty/Arty/Vivado/arty/arty.srcs/sources_1/bd/arty/ipshared/04b4/hdl/proc_sys_reset_v5_0_vh_rfs.vhd:816]
INFO: [Synth 8-638] synthesizing module 'sequence_psr' [z:/20170720_arty/Arty/Vivado/arty/arty.srcs/sources_1/bd/arty/ipshared/04b4/hdl/proc_sys_reset_v5_0_vh_rfs.vhd:301]
INFO: [Synth 8-638] synthesizing module 'upcnt_n' [z:/20170720_arty/Arty/Vivado/arty/arty.srcs/sources_1/bd/arty/ipshared/04b4/hdl/proc_sys_reset_v5_0_vh_rfs.vhd:125]
INFO: [Synth 8-256] done synthesizing module 'upcnt_n' (4#1) [z:/20170720_arty/Arty/Vivado/arty/arty.srcs/sources_1/bd/arty/ipshared/04b4/hdl/proc_sys_reset_v5_0_vh_rfs.vhd:125]
INFO: [Synth 8-256] done synthesizing module 'sequence_psr' (5#1) [z:/20170720_arty/Arty/Vivado/arty/arty.srcs/sources_1/bd/arty/ipshared/04b4/hdl/proc_sys_reset_v5_0_vh_rfs.vhd:301]
INFO: [Synth 8-256] done synthesizing module 'proc_sys_reset' (6#1) [z:/20170720_arty/Arty/Vivado/arty/arty.srcs/sources_1/bd/arty/ipshared/04b4/hdl/proc_sys_reset_v5_0_vh_rfs.vhd:1323]
INFO: [Synth 8-256] done synthesizing module 'arty_proc_sys_reset_1_0' (7#1) [z:/20170720_arty/Arty/Vivado/arty/arty.srcs/sources_1/bd/arty/ip/arty_proc_sys_reset_1_0/synth/arty_proc_sys_reset_1_0.vhd:74]
Finished RTL Elaboration : Time (s): cpu = 00:00:04 ; elapsed = 00:00:05 . Memory (MB): peak = 382.723 ; gain = 118.582
Finished RTL Optimization Phase 1 : Time (s): cpu = 00:00:04 ; elapsed = 00:00:05 . Memory (MB): peak = 382.723 ; gain = 118.582
INFO: [Device 21-403] Loading part xc7z020clg400-1
Constraint Validation Runtime : Time (s): cpu = 00:00:00 ; elapsed = 00:00:00.086 . Memory (MB): peak = 704.406 ; gain = 0.000
Finished Constraint Validation : Time (s): cpu = 00:00:13 ; elapsed = 00:00:18 . Memory (MB): peak = 704.406 ; gain = 440.266
Finished Loading Part and Timing Information : Time (s): cpu = 00:00:13 ; elapsed = 00:00:18 . Memory (MB): peak = 704.406 ; gain = 440.266
Finished applying 'set_property' XDC Constraints : Time (s): cpu = 00:00:13 ; elapsed = 00:00:18 . Memory (MB): peak = 704.406 ; gain = 440.266
Finished RTL Optimization Phase 2 : Time (s): cpu = 00:00:14 ; elapsed = 00:00:19 . Memory (MB): peak = 704.406 ; gain = 440.266
Finished Cross Boundary and Area Optimization : Time (s): cpu = 00:00:14 ; elapsed = 00:00:19 . Memory (MB): peak = 704.406 ; gain = 440.266
Finished Applying XDC Timing Constraints : Time (s): cpu = 00:00:25 ; elapsed = 00:00:30 . Memory (MB): peak = 704.406 ; gain = 440.266
Finished Timing Optimization : Time (s): cpu = 00:00:25 ; elapsed = 00:00:30 . Memory (MB): peak = 704.406 ; gain = 440.266
Finished Technology Mapping : Time (s): cpu = 00:00:25 ; elapsed = 00:00:30 . Memory (MB): peak = 704.406 ; gain = 440.266
Finished IO Insertion : Time (s): cpu = 00:00:25 ; elapsed = 00:00:31 . Memory (MB): peak = 704.406 ; gain = 440.266
Finished Renaming Generated Instances : Time (s): cpu = 00:00:25 ; elapsed = 00:00:31 . Memory (MB): peak = 704.406 ; gain = 440.266
Finished Rebuilding User Hierarchy : Time (s): cpu = 00:00:25 ; elapsed = 00:00:31 . Memory (MB): peak = 704.406 ; gain = 440.266
Finished Renaming Generated Ports : Time (s): cpu = 00:00:25 ; elapsed = 00:00:31 . Memory (MB): peak = 704.406 ; gain = 440.266
Finished Handling Custom Attributes : Time (s): cpu = 00:00:25 ; elapsed = 00:00:31 . Memory (MB): peak = 704.406 ; gain = 440.266
Finished Renaming Generated Nets : Time (s): cpu = 00:00:25 ; elapsed = 00:00:31 . Memory (MB): peak = 704.406 ; gain = 440.266

Report Cell Usage: 
+------+------+------+
|      |Cell  |Count |
+------+------+------+
|1     |LUT1  |     5|
|2     |LUT2  |     9|
|3     |LUT3  |     1|
|4     |LUT4  |     6|
|5     |LUT5  |     3|
|6     |LUT6  |     1|
|7     |SRL16 |     1|
|8     |FDR   |     8|
|9     |FDRE  |    28|
|10    |FDSE  |     4|
+------+------+------+
Finished Writing Synthesis Report : Time (s): cpu = 00:00:25 ; elapsed = 00:00:31 . Memory (MB): peak = 704.406 ; gain = 440.266
synth_design: Time (s): cpu = 00:00:26 ; elapsed = 00:00:32 . Memory (MB): peak = 704.406 ; gain = 440.266
